0 info it worked if it ends with ok
1 verbose cli [ '/usr/local/bin/node', '/usr/local/bin/npm', 'run', 'build' ]
2 info using npm@3.10.9
3 info using node@v6.9.2
4 verbose run-script [ 'prebuild', 'build', 'postbuild' ]
5 info lifecycle currency-exchanger@1.0.0~prebuild: currency-exchanger@1.0.0
6 silly lifecycle currency-exchanger@1.0.0~prebuild: no script for prebuild, continuing
7 info lifecycle currency-exchanger@1.0.0~build: currency-exchanger@1.0.0
8 verbose lifecycle currency-exchanger@1.0.0~build: unsafe-perm in lifecycle true
9 verbose lifecycle currency-exchanger@1.0.0~build: PATH: /usr/local/lib/node_modules/npm/bin/node-gyp-bin:/Users/davidmccaslin/Documents/EPICODUS/week6/currency-exchanger/node_modules/.bin:/Library/Frameworks/Python.framework/Versions/3.7/bin:/Users/davidmccaslin/miniconda3/bin:/Library/Frameworks/Python.framework/Versions/3.6/bin:/Library/Frameworks/Python.framework/Versions/3.6/bin:/Users/davidmccaslin/anaconda2/bin://anaconda/bin:/Users/davidmccaslin/.rvm/gems/ruby-2.3.1/bin:/Users/davidmccaslin/.rvm/gems/ruby-2.3.1@global/bin:/Users/davidmccaslin/.rvm/rubies/ruby-2.3.1/bin:/Library/Frameworks/Python.framework/Versions/3.5/bin:/usr/local/bin:/usr/bin:/bin:/usr/sbin:/sbin:/Library/Frameworks/Python.framework/Versions/3.7/bin:/Users/davidmccaslin/miniconda3/bin:/Library/Frameworks/Python.framework/Versions/3.6/bin:/Users/davidmccaslin/anaconda2/bin://anaconda/bin:/Users/davidmccaslin/.rvm/gems/ruby-2.3.1/bin:/Users/davidmccaslin/.rvm/gems/ruby-2.3.1@global/bin:/Users/davidmccaslin/.rvm/rubies/ruby-2.3.1/bin:/Library/Frameworks/Python.framework/Versions/3.5/bin:/Users/davidmccaslin/.rvm/bin
10 verbose lifecycle currency-exchanger@1.0.0~build: CWD: /Users/davidmccaslin/Documents/EPICODUS/week6/currency-exchanger
11 silly lifecycle currency-exchanger@1.0.0~build: Args: [ '-c', 'webpack' ]
12 silly lifecycle currency-exchanger@1.0.0~build: Returned: code: 2  signal: null
13 info lifecycle currency-exchanger@1.0.0~build: Failed to exec build script
14 verbose stack Error: currency-exchanger@1.0.0 build: `webpack`
14 verbose stack Exit status 2
14 verbose stack     at EventEmitter.<anonymous> (/usr/local/lib/node_modules/npm/lib/utils/lifecycle.js:255:16)
14 verbose stack     at emitTwo (events.js:106:13)
14 verbose stack     at EventEmitter.emit (events.js:191:7)
14 verbose stack     at ChildProcess.<anonymous> (/usr/local/lib/node_modules/npm/lib/utils/spawn.js:40:14)
14 verbose stack     at emitTwo (events.js:106:13)
14 verbose stack     at ChildProcess.emit (events.js:191:7)
14 verbose stack     at maybeClose (internal/child_process.js:877:16)
14 verbose stack     at Process.ChildProcess._handle.onexit (internal/child_process.js:226:5)
15 verbose pkgid currency-exchanger@1.0.0
16 verbose cwd /Users/davidmccaslin/Documents/EPICODUS/week6/currency-exchanger
17 error Darwin 17.7.0
18 error argv "/usr/local/bin/node" "/usr/local/bin/npm" "run" "build"
19 error node v6.9.2
20 error npm  v3.10.9
21 error code ELIFECYCLE
22 error currency-exchanger@1.0.0 build: `webpack`
22 error Exit status 2
23 error Failed at the currency-exchanger@1.0.0 build script 'webpack'.
23 error Make sure you have the latest version of node.js and npm installed.
23 error If you do, this is most likely a problem with the currency-exchanger package,
23 error not with npm itself.
23 error Tell the author that this fails on your system:
23 error     webpack
23 error You can get information on how to open an issue for this project with:
23 error     npm bugs currency-exchanger
23 error Or if that isn't available, you can get their info via:
23 error     npm owner ls currency-exchanger
23 error There is likely additional logging output above.
24 verbose exit [ 1, true ]
